<?xml version="1.0" encoding="UTF-8"?>
<!-- Generated by org.testng.reporters.JUnitReportReporter -->
<testsuite hostname="Sagar-PC" failures="0" tests="1" name="scripts.InvalidLogin" time="14.467" errors="0" timestamp="2022-12-22T07:53:04 IST" skipped="0">
  <testcase classname="scripts.InvalidLogin" name="testInvalidLogin" time="14.467"/>
  <system-out/>
</testsuite> <!-- scripts.InvalidLogin -->
