<?xml version="1.0" encoding="UTF-8"?>
<!-- Generated by org.testng.reporters.JUnitReportReporter -->
<testsuite hostname="Sagar-PC" failures="0" tests="1" name="scripts.Script1" time="5.593" errors="0" timestamp="2022-12-21T07:20:21 IST" skipped="0">
  <testcase classname="scripts.Script1" name="createCustomer" time="5.593"/>
  <system-out/>
</testsuite> <!-- scripts.Script1 -->
