<?xml version="1.0" encoding="UTF-8"?>
<!-- Generated by org.testng.reporters.JUnitReportReporter -->
<testsuite hostname="Sagar-PC" failures="0" tests="1" name="scripts.InvalidLogin" time="32.811" errors="0" timestamp="2022-12-21T09:34:03 IST" skipped="0">
  <testcase classname="scripts.InvalidLogin" name="testInvalidLogin" time="32.811"/>
  <system-out/>
</testsuite> <!-- scripts.InvalidLogin -->
