<?xml version="1.0" encoding="UTF-8"?>
<!-- Generated by org.testng.reporters.JUnitReportReporter -->
<testsuite hostname="Sagar-PC" failures="0" tests="1" name="scripts.Demo1" time="5.113" errors="0" timestamp="2022-12-20T07:51:36 IST" skipped="0">
  <testcase classname="scripts.Demo1" name="testA" time="5.113"/>
  <system-out/>
</testsuite> <!-- scripts.Demo1 -->
