<?xml version="1.0" encoding="UTF-8"?>
<!-- Generated by org.testng.reporters.JUnitReportReporter -->
<testsuite hostname="Sagar-PC" failures="0" tests="1" name="scripts.NewTest" time="0.012" errors="0" timestamp="2022-12-19T15:17:10 IST" skipped="0">
  <testcase classname="scripts.NewTest" name="f" time="0.012"/>
  <system-out/>
</testsuite> <!-- scripts.NewTest -->
