<?xml version="1.0" encoding="UTF-8"?>
<!-- Generated by org.testng.reporters.JUnitReportReporter -->
<testsuite hostname="Sagar-PC" failures="0" tests="1" name="scripts.ValidLogin" time="15.373" errors="0" timestamp="2022-12-21T09:48:51 IST" skipped="0">
  <testcase classname="scripts.ValidLogin" name="testValidLogin" time="15.373"/>
  <system-out/>
</testsuite> <!-- scripts.ValidLogin -->
