<?xml version="1.0" encoding="UTF-8"?>
<!-- Generated by org.testng.reporters.JUnitReportReporter -->
<testsuite hostname="Sagar-PC" failures="0" tests="1" name="scripts.Script2" time="9.552" errors="0" timestamp="2022-12-17T11:01:19 IST" skipped="0">
  <testcase classname="scripts.Script2" name="deleteProduct" time="9.552"/>
  <system-out/>
</testsuite> <!-- scripts.Script2 -->
