<?xml version="1.0" encoding="UTF-8"?>
<!-- Generated by org.testng.reporters.JUnitReportReporter -->
<testsuite hostname="Sagar-PC" failures="0" tests="2" name="scripts.ChildTest" time="0.024" errors="0" timestamp="2022-12-19T13:46:35 IST" skipped="0">
  <testcase classname="scripts.ChildTest" name="testMethod1" time="0.023"/>
  <system-out/>
  <testcase classname="scripts.ChildTest" name="testMethod2" time="0.001"/>
  <system-out/>
</testsuite> <!-- scripts.ChildTest -->
